2025-02-05T21:22:34.551Z - INFO: Starting church setup...
2025-02-05T21:22:35.249Z - INFO: ✅ Connection successful
2025-02-05T21:22:35.527Z - INFO: ✅ Connection status configured: 1949
2025-02-05T21:22:35.816Z - INFO: ✅ Found campuses: 7
2025-02-05T21:22:35.818Z - INFO: ✅ Configuration saved
2025-02-05T21:24:05.872Z - INFO: Starting status management...
2025-02-05T21:24:05.879Z - INFO: Starting status cleanup and creation...
2025-02-05T21:24:06.218Z - INFO: Found existing status, keeping ID: 1949
2025-02-05T21:24:10.557Z - INFO: Deleted duplicate status ID: 1950
2025-02-05T21:24:10.913Z - INFO: Deleted duplicate status ID: 1951
2025-02-05T21:24:19.753Z - INFO: Starting person creation test...
2025-02-05T21:24:19.757Z - INFO: Creating new test person...
2025-02-05T21:24:20.598Z - INFO: Person created successfully!
2025-02-05T21:24:20.600Z - INFO: New Person: 276314
2025-02-05T21:30:51.812Z - INFO: Testing Rock RMS connection...
2025-02-05T21:30:52.172Z - INFO: Connection successful!
2025-02-05T21:30:52.174Z - INFO: Response: {
  "IsSystem": true,
  "RecordTypeValueId": 1,
  "RecordStatusValueId": 3,
  "RecordStatusLastModifiedDateTime": null,
  "RecordStatusReasonValueId": null,
  "ConnectionStatusValueId": 746,
  "ReviewReasonValueId": null,
  "IsDeceased": false,
  "TitleValueId": null,
  "FirstName": "Admin",
  "NickName": "Admin",
  "MiddleName": "",
  "LastName": "Admin",
  "SuffixValueId": null,
  "PhotoId": 230552,
  "BirthDay": 2,
  "BirthMonth": 3,
  "BirthYear": 1990,
  "Age": 34,
  "Gender": 2,
  "MaritalStatusValueId": 143,
  "AnniversaryDate": null,
  "GraduationYear": 2019,
  "GivingId": "P1",
  "GivingLeaderId": 1,
  "Email": "adminadmin@safety.netz",
  "IsEmailActive": true,
  "EmailNote": "",
  "EmailPreference": 0,
  "CommunicationPreference": 2,
  "ReviewReasonNote": null,
  "InactiveReasonNote": "",
  "SystemNote": "",
  "ViewedCount": 2,
  "TopSignalColor": null,
  "TopSignalIconCssClass": null,
  "TopSignalId": null,
  "AgeClassification": 1,
  "PrimaryFamilyId": 23,
  "PrimaryCampusId": 3,
  "IsLockedAsChild": false,
  "DeceasedDate": null,
  "ContributionFinancialAccountId": null,
  "AccountProtectionProfile": 3,
  "PreferredLanguageValueId": null,
  "ReminderCount": null,
  "RaceValueId": null,
  "EthnicityValueId": null,
  "BirthDateKey": 19900302,
  "AgeBracket": 5,
  "FirstNamePronunciationOverride": null,
  "NickNamePronunciationOverride": null,
  "LastNamePronunciationOverride": null,
  "PronunciationNote": null,
  "PrimaryAliasId": 10,
  "Users": [],
  "PhoneNumbers": [
    {
      "FullNumber": "18035290216",
      "NumberFormattedWithCountryCode": "+1 (803) 529-0216",
      "IsSystem": false,
      "PersonId": 1,
      "CountryCode": "1",
      "Number": "8035290216",
      "NumberFormatted": "(803) 529-0216",
      "Extension": null,
      "NumberTypeValueId": 12,
      "IsMessagingEnabled": true,
      "IsUnlisted": false,
      "Description": null,
      "IsMessagingOptedOut": false,
      "MessagingOptedOutDateTime": null,
      "NumberTypeValue": null,
      "CreatedDateTime": "2023-02-01T15:38:38.1066667",
      "ModifiedDateTime": "2023-11-16T12:08:28.5066667",
      "CreatedByPersonAliasId": null,
      "ModifiedByPersonAliasId": null,
      "ModifiedAuditValuesAlreadyUpdated": false,
      "Attributes": null,
      "AttributeValues": null,
      "Id": 209194,
      "IdKey": "3yPqz0zvgm",
      "Guid": "9926196c-d004-4d66-a308-e25364a8f47c",
      "ForeignId": null,
      "ForeignGuid": null,
      "ForeignKey": null
    }
  ],
  "MaritalStatusValue": null,
  "ConnectionStatusValue": null,
  "ReviewReasonValue": null,
  "RecordStatusValue": null,
  "RecordStatusReasonValue": null,
  "RecordTypeValue": null,
  "SuffixValue": null,
  "TitleValue": null,
  "Photo": null,
  "PreferredLanguageValue": null,
  "DaysUntilBirthday": 25,
  "RaceValue": null,
  "EthnicityValue": null,
  "GivingGroupId": null,
  "FullName": "Admin Admin",
  "Initials": "AA",
  "BirthdayDayOfWeek": "Sunday",
  "BirthdayDayOfWeekShort": "Sun",
  "BirthDate": "1990-03-02T00:00:00",
  "NextBirthDay": "2025-03-02T00:00:00",
  "DaysToBirthday": 25,
  "DaysToAnniversary": 2147483647,
  "NextAnniversary": null,
  "DaysUntilAnniversary": null,
  "GradeOffset": -6,
  "HasGraduated": true,
  "GradeFormatted": "",
  "CreatedDateTime": "2021-03-24T12:44:09.277",
  "ModifiedDateTime": "2023-11-16T12:08:28.553",
  "CreatedByPersonAliasId": null,
  "ModifiedByPersonAliasId": null,
  "ModifiedAuditValuesAlreadyUpdated": false,
  "Attributes": null,
  "AttributeValues": null,
  "Id": 1,
  "IdKey": "65oEekg9xQ",
  "Guid": "ad28da19-4af1-408f-9090-2672f8376f27",
  "ForeignId": null,
  "ForeignGuid": null,
  "ForeignKey": null
}
2025-02-05T21:30:52.290Z - INFO: Starting status management...
2025-02-05T21:30:52.294Z - INFO: Starting status cleanup and creation...
2025-02-05T21:30:52.841Z - INFO: Found existing status, keeping ID: 1949
2025-02-05T21:54:04.070Z - INFO: Testing Rock RMS connection...
2025-02-05T21:54:04.425Z - INFO: Connection successful!
2025-02-05T21:54:04.428Z - INFO: Response: {
  "IsSystem": true,
  "RecordTypeValueId": 1,
  "RecordStatusValueId": 3,
  "RecordStatusLastModifiedDateTime": null,
  "RecordStatusReasonValueId": null,
  "ConnectionStatusValueId": 746,
  "ReviewReasonValueId": null,
  "IsDeceased": false,
  "TitleValueId": null,
  "FirstName": "Admin",
  "NickName": "Admin",
  "MiddleName": "",
  "LastName": "Admin",
  "SuffixValueId": null,
  "PhotoId": 230552,
  "BirthDay": 2,
  "BirthMonth": 3,
  "BirthYear": 1990,
  "Age": 34,
  "Gender": 2,
  "MaritalStatusValueId": 143,
  "AnniversaryDate": null,
  "GraduationYear": 2019,
  "GivingId": "P1",
  "GivingLeaderId": 1,
  "Email": "adminadmin@safety.netz",
  "IsEmailActive": true,
  "EmailNote": "",
  "EmailPreference": 0,
  "CommunicationPreference": 2,
  "ReviewReasonNote": null,
  "InactiveReasonNote": "",
  "SystemNote": "",
  "ViewedCount": 2,
  "TopSignalColor": null,
  "TopSignalIconCssClass": null,
  "TopSignalId": null,
  "AgeClassification": 1,
  "PrimaryFamilyId": 23,
  "PrimaryCampusId": 3,
  "IsLockedAsChild": false,
  "DeceasedDate": null,
  "ContributionFinancialAccountId": null,
  "AccountProtectionProfile": 3,
  "PreferredLanguageValueId": null,
  "ReminderCount": null,
  "RaceValueId": null,
  "EthnicityValueId": null,
  "BirthDateKey": 19900302,
  "AgeBracket": 5,
  "FirstNamePronunciationOverride": null,
  "NickNamePronunciationOverride": null,
  "LastNamePronunciationOverride": null,
  "PronunciationNote": null,
  "PrimaryAliasId": 10,
  "Users": [],
  "PhoneNumbers": [
    {
      "FullNumber": "18035290216",
      "NumberFormattedWithCountryCode": "+1 (803) 529-0216",
      "IsSystem": false,
      "PersonId": 1,
      "CountryCode": "1",
      "Number": "8035290216",
      "NumberFormatted": "(803) 529-0216",
      "Extension": null,
      "NumberTypeValueId": 12,
      "IsMessagingEnabled": true,
      "IsUnlisted": false,
      "Description": null,
      "IsMessagingOptedOut": false,
      "MessagingOptedOutDateTime": null,
      "NumberTypeValue": null,
      "CreatedDateTime": "2023-02-01T15:38:38.1066667",
      "ModifiedDateTime": "2023-11-16T12:08:28.5066667",
      "CreatedByPersonAliasId": null,
      "ModifiedByPersonAliasId": null,
      "ModifiedAuditValuesAlreadyUpdated": false,
      "Attributes": null,
      "AttributeValues": null,
      "Id": 209194,
      "IdKey": "3yPqz0zvgm",
      "Guid": "9926196c-d004-4d66-a308-e25364a8f47c",
      "ForeignId": null,
      "ForeignGuid": null,
      "ForeignKey": null
    }
  ],
  "MaritalStatusValue": null,
  "ConnectionStatusValue": null,
  "ReviewReasonValue": null,
  "RecordStatusValue": null,
  "RecordStatusReasonValue": null,
  "RecordTypeValue": null,
  "SuffixValue": null,
  "TitleValue": null,
  "Photo": null,
  "PreferredLanguageValue": null,
  "DaysUntilBirthday": 25,
  "RaceValue": null,
  "EthnicityValue": null,
  "GivingGroupId": null,
  "FullName": "Admin Admin",
  "Initials": "AA",
  "BirthdayDayOfWeek": "Sunday",
  "BirthdayDayOfWeekShort": "Sun",
  "BirthDate": "1990-03-02T00:00:00",
  "NextBirthDay": "2025-03-02T00:00:00",
  "DaysToBirthday": 25,
  "DaysToAnniversary": 2147483647,
  "NextAnniversary": null,
  "DaysUntilAnniversary": null,
  "GradeOffset": -6,
  "HasGraduated": true,
  "GradeFormatted": "",
  "CreatedDateTime": "2021-03-24T12:44:09.277",
  "ModifiedDateTime": "2023-11-16T12:08:28.553",
  "CreatedByPersonAliasId": null,
  "ModifiedByPersonAliasId": null,
  "ModifiedAuditValuesAlreadyUpdated": false,
  "Attributes": null,
  "AttributeValues": null,
  "Id": 1,
  "IdKey": "65oEekg9xQ",
  "Guid": "ad28da19-4af1-408f-9090-2672f8376f27",
  "ForeignId": null,
  "ForeignGuid": null,
  "ForeignKey": null
}
2025-02-05T22:03:39.643Z - INFO: Testing Rock RMS connection...
2025-02-05T22:03:40.002Z - INFO: Connection successful!
2025-02-05T22:03:40.005Z - INFO: Response: {
  "IsSystem": true,
  "RecordTypeValueId": 1,
  "RecordStatusValueId": 3,
  "RecordStatusLastModifiedDateTime": null,
  "RecordStatusReasonValueId": null,
  "ConnectionStatusValueId": 746,
  "ReviewReasonValueId": null,
  "IsDeceased": false,
  "TitleValueId": null,
  "FirstName": "Admin",
  "NickName": "Admin",
  "MiddleName": "",
  "LastName": "Admin",
  "SuffixValueId": null,
  "PhotoId": 230552,
  "BirthDay": 2,
  "BirthMonth": 3,
  "BirthYear": 1990,
  "Age": 34,
  "Gender": 2,
  "MaritalStatusValueId": 143,
  "AnniversaryDate": null,
  "GraduationYear": 2019,
  "GivingId": "P1",
  "GivingLeaderId": 1,
  "Email": "adminadmin@safety.netz",
  "IsEmailActive": true,
  "EmailNote": "",
  "EmailPreference": 0,
  "CommunicationPreference": 2,
  "ReviewReasonNote": null,
  "InactiveReasonNote": "",
  "SystemNote": "",
  "ViewedCount": 2,
  "TopSignalColor": null,
  "TopSignalIconCssClass": null,
  "TopSignalId": null,
  "AgeClassification": 1,
  "PrimaryFamilyId": 23,
  "PrimaryCampusId": 3,
  "IsLockedAsChild": false,
  "DeceasedDate": null,
  "ContributionFinancialAccountId": null,
  "AccountProtectionProfile": 3,
  "PreferredLanguageValueId": null,
  "ReminderCount": null,
  "RaceValueId": null,
  "EthnicityValueId": null,
  "BirthDateKey": 19900302,
  "AgeBracket": 5,
  "FirstNamePronunciationOverride": null,
  "NickNamePronunciationOverride": null,
  "LastNamePronunciationOverride": null,
  "PronunciationNote": null,
  "PrimaryAliasId": 10,
  "Users": [],
  "PhoneNumbers": [
    {
      "FullNumber": "18035290216",
      "NumberFormattedWithCountryCode": "+1 (803) 529-0216",
      "IsSystem": false,
      "PersonId": 1,
      "CountryCode": "1",
      "Number": "8035290216",
      "NumberFormatted": "(803) 529-0216",
      "Extension": null,
      "NumberTypeValueId": 12,
      "IsMessagingEnabled": true,
      "IsUnlisted": false,
      "Description": null,
      "IsMessagingOptedOut": false,
      "MessagingOptedOutDateTime": null,
      "NumberTypeValue": null,
      "CreatedDateTime": "2023-02-01T15:38:38.1066667",
      "ModifiedDateTime": "2023-11-16T12:08:28.5066667",
      "CreatedByPersonAliasId": null,
      "ModifiedByPersonAliasId": null,
      "ModifiedAuditValuesAlreadyUpdated": false,
      "Attributes": null,
      "AttributeValues": null,
      "Id": 209194,
      "IdKey": "3yPqz0zvgm",
      "Guid": "9926196c-d004-4d66-a308-e25364a8f47c",
      "ForeignId": null,
      "ForeignGuid": null,
      "ForeignKey": null
    }
  ],
  "MaritalStatusValue": null,
  "ConnectionStatusValue": null,
  "ReviewReasonValue": null,
  "RecordStatusValue": null,
  "RecordStatusReasonValue": null,
  "RecordTypeValue": null,
  "SuffixValue": null,
  "TitleValue": null,
  "Photo": null,
  "PreferredLanguageValue": null,
  "DaysUntilBirthday": 25,
  "RaceValue": null,
  "EthnicityValue": null,
  "GivingGroupId": null,
  "FullName": "Admin Admin",
  "Initials": "AA",
  "BirthdayDayOfWeek": "Sunday",
  "BirthdayDayOfWeekShort": "Sun",
  "BirthDate": "1990-03-02T00:00:00",
  "NextBirthDay": "2025-03-02T00:00:00",
  "DaysToBirthday": 25,
  "DaysToAnniversary": 2147483647,
  "NextAnniversary": null,
  "DaysUntilAnniversary": null,
  "GradeOffset": -6,
  "HasGraduated": true,
  "GradeFormatted": "",
  "CreatedDateTime": "2021-03-24T12:44:09.277",
  "ModifiedDateTime": "2023-11-16T12:08:28.553",
  "CreatedByPersonAliasId": null,
  "ModifiedByPersonAliasId": null,
  "ModifiedAuditValuesAlreadyUpdated": false,
  "Attributes": null,
  "AttributeValues": null,
  "Id": 1,
  "IdKey": "65oEekg9xQ",
  "Guid": "ad28da19-4af1-408f-9090-2672f8376f27",
  "ForeignId": null,
  "ForeignGuid": null,
  "ForeignKey": null
}
2025-02-05T22:10:36.884Z - INFO: Starting person creation test...
2025-02-05T22:10:36.891Z - INFO: Creating new test person...
2025-02-05T22:10:37.307Z - INFO: Person created successfully!
2025-02-05T22:10:37.322Z - INFO: New Person: 276314
2025-02-05T22:12:35.943Z - INFO: Starting person creation test...
2025-02-05T22:12:35.948Z - INFO: Creating new test person...
2025-02-05T22:12:36.343Z - INFO: Person created successfully!
2025-02-05T22:12:36.346Z - INFO: New Person: 276314
